Using pre-set license
Built from '2020.2/release' branch; Version is '2020.2.4f1 (becced5a802b) revision 12504301'; Using compiler version '192528614'; Build Type 'Release'
OS: 'Windows 10 Home; OS build 19043.1348; Version 2009; 64bit' Language: 'es' Physical Memory: 16333 MB
BatchMode: 1, IsHumanControllingUs: 0, StartBugReporterOnCrash: 0, Is64bit: 1, IsPro: 0

 COMMAND LINE ARGUMENTS:
D:\Unity\2020.2.4f1\Editor\Unity.exe
-adb2
-batchMode
-noUpm
-name
AssetImportWorker0
-projectPath
D:/GitHub/SpaceV
-logFile
Logs/AssetImportWorker0.log
-srvPort
65412
Successfully changed project path to: D:/GitHub/SpaceV
D:/GitHub/SpaceV
Using Asset Import Pipeline V2.
Refreshing native plugins compatible for Editor in 37.56 ms, found 1 plugins.
Preloading 0 native plugins for Editor in 0.00 ms.
Initialize engine version: 2020.2.4f1 (becced5a802b)
[Subsystems] Discovering subsystems at path D:/Unity/2020.2.4f1/Editor/Data/Resources/UnitySubsystems
[Subsystems] Discovering subsystems at path D:/GitHub/SpaceV/Assets
GfxDevice: creating device client; threaded=0
Direct3D:
    Version:  Direct3D 11.0 [level 11.1]
    Renderer: NVIDIA GeForce RTX 2060 (ID=0x1f08)
    Vendor:   
    VRAM:     5980 MB
    Driver:   27.21.14.6079
Initialize mono
Mono path[0] = 'D:/Unity/2020.2.4f1/Editor/Data/Managed'
Mono path[1] = 'D:/Unity/2020.2.4f1/Editor/Data/MonoBleedingEdge/lib/mono/unityjit'
Mono config path = 'D:/Unity/2020.2.4f1/Editor/Data/MonoBleedingEdge/etc'
Using monoOptions --debugger-agent=transport=dt_socket,embedding=1,server=y,suspend=n,address=127.0.0.1:56500
Begin MonoManager ReloadAssembly
Registering precompiled unity dll's ...
Register platform support module: D:/Unity/2020.2.4f1/Editor/Data/PlaybackEngines/WebGLSupport/UnityEditor.WebGL.Extensions.dll
Register platform support module: D:/Unity/2020.2.4f1/Editor/Data/PlaybackEngines/WindowsStandaloneSupport/UnityEditor.WindowsStandalone.Extensions.dll
Registered in 0.001468 seconds.
Native extension for WindowsStandalone target not found
Native extension for WebGL target not found
Refreshing native plugins compatible for Editor in 37.03 ms, found 1 plugins.
Preloading 0 native plugins for Editor in 0.00 ms.
Invoked RoslynAnalysisRunner static constructor.
RoslynAnalysisRunner will not be running.
RoslynAnalysisRunner has terminated.
Mono: successfully reloaded assembly
- Completed reload, in  1.950 seconds
Platform modules already initialized, skipping
Registering precompiled user dll's ...
Registered in 0.000838 seconds.
Begin MonoManager ReloadAssembly
Native extension for WindowsStandalone target not found
Native extension for WebGL target not found
Refreshing native plugins compatible for Editor in 37.83 ms, found 1 plugins.
Preloading 0 native plugins for Editor in 0.00 ms.
Invoked RoslynAnalysisRunner static constructor.
RoslynAnalysisRunner will not be running.
RoslynAnalysisRunner has terminated.
Mono: successfully reloaded assembly
- Completed reload, in  0.960 seconds
Platform modules already initialized, skipping
========================================================================
Worker process is ready to serve import requests
Launched and connected shader compiler UnityShaderCompiler.exe after 0.04 seconds
Refreshing native plugins compatible for Editor in 0.34 ms, found 1 plugins.
Preloading 0 native plugins for Editor in 0.00 ms.
Unloading 1818 Unused Serialized files (Serialized files now loaded: 0)
System memory in use before: 85.5 MB.
System memory in use after: 85.4 MB.

Unloading 24 unused Assets to reduce memory usage. Loaded Objects now: 2265.
Total: 2.093100 ms (FindLiveObjects: 0.194900 ms CreateObjectMapping: 0.045500 ms MarkObjects: 1.718700 ms  DeleteObjects: 0.132600 ms)

========================================================================
Received Import Request.
  path: Assets/Music/Effects/intro-effect.mp3
  artifactKey: Guid(936f6cb637792a54eb03eb3ae99dba70) Importer(815301076,1909f56bfc062723c751e8b465ee728b)
Start importing Assets/Music/Effects/intro-effect.mp3 using Guid(936f6cb637792a54eb03eb3ae99dba70) Importer(815301076,1909f56bfc062723c751e8b465ee728b)  -> (artifact id: '0e3b442e770ac593cebc00e515578677') in 0.117026 seconds
  Import took 0.119759 seconds .

========================================================================
Received Prepare
Registering precompiled user dll's ...
Registered in 0.000846 seconds.
Begin MonoManager ReloadAssembly
Native extension for WindowsStandalone target not found
Native extension for WebGL target not found
Refreshing native plugins compatible for Editor in 0.35 ms, found 1 plugins.
Preloading 0 native plugins for Editor in 0.00 ms.
Invoked RoslynAnalysisRunner static constructor.
RoslynAnalysisRunner will not be running.
RoslynAnalysisRunner has terminated.
Mono: successfully reloaded assembly
- Completed reload, in  0.898 seconds
Platform modules already initialized, skipping
Refreshing native plugins compatible for Editor in 0.35 ms, found 1 plugins.
Preloading 0 native plugins for Editor in 0.00 ms.
Unloading 1814 Unused Serialized files (Serialized files now loaded: 0)
System memory in use before: 88.6 MB.
System memory in use after: 88.6 MB.

Unloading 12 unused Assets to reduce memory usage. Loaded Objects now: 2278.
Total: 1.891100 ms (FindLiveObjects: 0.197600 ms CreateObjectMapping: 0.045700 ms MarkObjects: 1.535400 ms  DeleteObjects: 0.111200 ms)

========================================================================
Received Import Request.
  Time since last request: 40.982320 seconds.
  path: Assets/Scripts/introScene.cs
  artifactKey: Guid(45db2c5e02fb9704f876b33c12cca272) Importer(815301076,1909f56bfc062723c751e8b465ee728b)
Start importing Assets/Scripts/introScene.cs using Guid(45db2c5e02fb9704f876b33c12cca272) Importer(815301076,1909f56bfc062723c751e8b465ee728b)  -> (artifact id: '3739ec05d98164cfc94fc327c8ef6c91') in 0.011851 seconds
  Import took 0.014561 seconds .

========================================================================
Received Prepare
Registering precompiled user dll's ...
Registered in 0.000875 seconds.
Begin MonoManager ReloadAssembly
Native extension for WindowsStandalone target not found
Native extension for WebGL target not found
Refreshing native plugins compatible for Editor in 0.35 ms, found 1 plugins.
Preloading 0 native plugins for Editor in 0.00 ms.
Invoked RoslynAnalysisRunner static constructor.
RoslynAnalysisRunner will not be running.
RoslynAnalysisRunner has terminated.
Mono: successfully reloaded assembly
- Completed reload, in  0.869 seconds
Platform modules already initialized, skipping
Refreshing native plugins compatible for Editor in 0.42 ms, found 1 plugins.
Preloading 0 native plugins for Editor in 0.00 ms.
Unloading 1814 Unused Serialized files (Serialized files now loaded: 0)
System memory in use before: 88.6 MB.
System memory in use after: 88.6 MB.

Unloading 12 unused Assets to reduce memory usage. Loaded Objects now: 2281.
Total: 1.858900 ms (FindLiveObjects: 0.200800 ms CreateObjectMapping: 0.043700 ms MarkObjects: 1.500900 ms  DeleteObjects: 0.112400 ms)

========================================================================
Received Import Request.
  Time since last request: 36.625302 seconds.
  path: Assets/Animations/HUDAnimations/FadeinOut.anim
  artifactKey: Guid(7d4ec3cc95072e14bb929f3f981d2ef3) Importer(815301076,1909f56bfc062723c751e8b465ee728b)
Start importing Assets/Animations/HUDAnimations/FadeinOut.anim using Guid(7d4ec3cc95072e14bb929f3f981d2ef3) Importer(815301076,1909f56bfc062723c751e8b465ee728b)  -> (artifact id: '1baef5c2425d0e40aa6373f976be557b') in 0.016623 seconds
  Import took 0.019388 seconds .

========================================================================
Received Import Request.
  Time since last request: 175.005334 seconds.
  path: Assets/Scenes/MusicSelection.unity
  artifactKey: Guid(4623c7a365c34de4ab060419b1d88d33) Importer(815301076,1909f56bfc062723c751e8b465ee728b)
Start importing Assets/Scenes/MusicSelection.unity using Guid(4623c7a365c34de4ab060419b1d88d33) Importer(815301076,1909f56bfc062723c751e8b465ee728b)  -> (artifact id: '253427254810a3e304e1b731a42c4abc') in 0.002257 seconds
  Import took 0.005048 seconds .

========================================================================
Received Prepare
Registering precompiled user dll's ...
Registered in 0.001110 seconds.
Begin MonoManager ReloadAssembly
Native extension for WindowsStandalone target not found
Native extension for WebGL target not found
Refreshing native plugins compatible for Editor in 0.36 ms, found 1 plugins.
Preloading 0 native plugins for Editor in 0.00 ms.
Invoked RoslynAnalysisRunner static constructor.
RoslynAnalysisRunner will not be running.
RoslynAnalysisRunner has terminated.
Mono: successfully reloaded assembly
- Completed reload, in  0.895 seconds
Platform modules already initialized, skipping
Refreshing native plugins compatible for Editor in 0.51 ms, found 1 plugins.
Preloading 0 native plugins for Editor in 0.00 ms.
Unloading 1814 Unused Serialized files (Serialized files now loaded: 0)
System memory in use before: 88.7 MB.
System memory in use after: 88.7 MB.

Unloading 12 unused Assets to reduce memory usage. Loaded Objects now: 2284.
Total: 2.008900 ms (FindLiveObjects: 0.265100 ms CreateObjectMapping: 0.040300 ms MarkObjects: 1.591500 ms  DeleteObjects: 0.110800 ms)

========================================================================
Received Prepare
Registering precompiled user dll's ...
Registered in 0.000960 seconds.
Begin MonoManager ReloadAssembly
Native extension for WindowsStandalone target not found
Native extension for WebGL target not found
Refreshing native plugins compatible for Editor in 0.37 ms, found 1 plugins.
Preloading 0 native plugins for Editor in 0.00 ms.
Invoked RoslynAnalysisRunner static constructor.
RoslynAnalysisRunner will not be running.
RoslynAnalysisRunner has terminated.
Mono: successfully reloaded assembly
- Completed reload, in  0.850 seconds
Platform modules already initialized, skipping
Refreshing native plugins compatible for Editor in 0.36 ms, found 1 plugins.
Preloading 0 native plugins for Editor in 0.00 ms.
Unloading 1814 Unused Serialized files (Serialized files now loaded: 0)
System memory in use before: 88.7 MB.
System memory in use after: 88.7 MB.

Unloading 12 unused Assets to reduce memory usage. Loaded Objects now: 2287.
Total: 1.990200 ms (FindLiveObjects: 0.258100 ms CreateObjectMapping: 0.045400 ms MarkObjects: 1.572600 ms  DeleteObjects: 0.112900 ms)

========================================================================
Received Prepare
Registering precompiled user dll's ...
Registered in 0.001060 seconds.
Begin MonoManager ReloadAssembly
Native extension for WindowsStandalone target not found
Native extension for WebGL target not found
Refreshing native plugins compatible for Editor in 0.35 ms, found 1 plugins.
Preloading 0 native plugins for Editor in 0.00 ms.
Invoked RoslynAnalysisRunner static constructor.
RoslynAnalysisRunner will not be running.
RoslynAnalysisRunner has terminated.
Mono: successfully reloaded assembly
- Completed reload, in  0.855 seconds
Platform modules already initialized, skipping
Refreshing native plugins compatible for Editor in 0.36 ms, found 1 plugins.
Preloading 0 native plugins for Editor in 0.00 ms.
Unloading 1814 Unused Serialized files (Serialized files now loaded: 0)
System memory in use before: 88.7 MB.
System memory in use after: 88.7 MB.

Unloading 12 unused Assets to reduce memory usage. Loaded Objects now: 2290.
Total: 2.063700 ms (FindLiveObjects: 0.216300 ms CreateObjectMapping: 0.042300 ms MarkObjects: 1.691300 ms  DeleteObjects: 0.112900 ms)

========================================================================
Received Prepare
Registering precompiled user dll's ...
Registered in 0.001175 seconds.
Begin MonoManager ReloadAssembly
Native extension for WindowsStandalone target not found
Native extension for WebGL target not found
Refreshing native plugins compatible for Editor in 0.37 ms, found 1 plugins.
Preloading 0 native plugins for Editor in 0.00 ms.
Invoked RoslynAnalysisRunner static constructor.
RoslynAnalysisRunner will not be running.
RoslynAnalysisRunner has terminated.
Mono: successfully reloaded assembly
- Completed reload, in  0.867 seconds
Platform modules already initialized, skipping
Refreshing native plugins compatible for Editor in 0.35 ms, found 1 plugins.
Preloading 0 native plugins for Editor in 0.00 ms.
Unloading 1814 Unused Serialized files (Serialized files now loaded: 0)
System memory in use before: 88.7 MB.
System memory in use after: 88.7 MB.

Unloading 12 unused Assets to reduce memory usage. Loaded Objects now: 2293.
Total: 1.932100 ms (FindLiveObjects: 0.224600 ms CreateObjectMapping: 0.042300 ms MarkObjects: 1.551400 ms  DeleteObjects: 0.112600 ms)

========================================================================
Received Import Request.
  Time since last request: 300.223160 seconds.
  path: Assets/Art/Images/intro-scene-background.png
  artifactKey: Guid(c81cc2d074658db4aa456589a9b38ca8) Importer(815301076,1909f56bfc062723c751e8b465ee728b)
Start importing Assets/Art/Images/intro-scene-background.png using Guid(c81cc2d074658db4aa456589a9b38ca8) Importer(815301076,1909f56bfc062723c751e8b465ee728b)  -> (artifact id: 'c496bae629c6d66d9d03648174e061ab') in 0.063973 seconds
  Import took 0.066770 seconds .

AssetImportWorkerClient::OnTransportError - code=2 error=End of file
